<?xml version="1.0" encoding="UTF-8"?>
<!-- Generated by org.testng.reporters.JUnitReportReporter -->
<testsuite hostname="DESKTOP-5RFSJMN" failures="0" tests="1" name="com.application.testcases.LoginTest" time="66.660" errors="0" timestamp="2021-02-27T22:14:57 IST" skipped="0">
  <testcase classname="com.application.testcases.LoginTest" name="loginApp" time="66.660"/>
  <system-out>
Apply button clicked  </system-out>
</testsuite> <!-- com.application.testcases.LoginTest -->
