<?xml version="1.0" encoding="UTF-8"?>
<!-- Generated by org.testng.reporters.JUnitReportReporter -->
<testsuite hostname="DESKTOP-5RFSJMN" failures="0" tests="1" name="com.application.testcases.WEB_OV_03_VerifyProductsInWishList" time="32.939" errors="0" timestamp="2021-02-28T20:07:51 IST" skipped="0">
  <testcase classname="com.application.testcases.WEB_OV_03_VerifyProductsInWishList" name="verifyProductsInWishList" time="32.939"/>
  <system-out/>
</testsuite> <!-- com.application.testcases.WEB_OV_03_VerifyProductsInWishList -->
